Overview OSM data
===========
Nodes:                           387187
Ways:                             13275
Relations:                           99
===========




Tag Count Relations:
============
total:                                        992
============
type                                           99
name                                           96
leisure                                        66
boundary                                       65
operator                                       63
protect_class                                  47
operator:wikidata                              46
operator:short                                 44
operator:type                                  42
protection_title                               40
wikidata                                       38
ownership                                      32
wikipedia                                      31
protected                                      30
website                                        29
gnis:feature_id                                22
addr:housenumber                               18
addr:street                                    18
addr:postcode                                  17
addr:state                                     17
addr:city                                      16
ele                                            14
operator:wikipedia                             10
phone                                           8
natural                                         7
opening_hours                                   7
source                                          6
short_name                                      4
access                                          4
fee                                             4
historic                                        3
name:es                                         3
description                                     3
start_date                                      3
landuse                                         2
operator:es                                     2
source:name                                     2
heritage                                        2
dog                                             2
email                                           2
contact:website                                 2
owner                                           2
protection                                      1
ref:WDPA                                        1
short_protection_title                          1
water                                           1
wheelchair                                      1
place                                           1
tourism                                         1
protect_title                                   1
protected_area                                  1
seamark:name                                    1
seamark:type                                    1
heritage:operator                               1
nrhp:criteria                                   1
nrhp:inscription_date                           1
ref:nrhp                                        1
not:operator:wikidata                           1
note                                            1
addr:country                                    1
park:type                                       1
contact:facebook                                1
contact:twitter                                 1
hunting                                         1
website:map                                     1
designation                                     1


Tag Count Ways:
============
total:                                      42768
============
leisure                                     11966
name                                         8380
addr:street                                  1995
addr:city                                    1944
addr:housenumber                             1896
addr:state                                   1888
addr:postcode                                1804
gnis:feature_id                              1551
ele                                          1478
operator                                     1478
wikidata                                      871
website                                       861
operator:type                                 699
operator:wikidata                             558
opening_hours                                 461
access                                        338
operator:short                                300
description                                   229
source                                        213
owner                                         205
phone                                         192
owner:wikidata                                191
landuse                                       181
start_date                                    174
building                                      144
fee                                           140
operator:wikipedia                            133
boundary                                      116
dog                                           107
contact:website                               107
natural                                        89
wikipedia                                      78
barrier                                        76
highway                                        74
alt_name                                       73
note                                           69
old_name                                       63
contact:phone                                  61
place                                          60
surface                                        53
wheelchair                                     49
camping                                        47
tourism                                        44
contact:email                                  42
sport                                          41
SUBTYPEFIE                                     38
name:es                                        36
protect_class                                  34
THREEORMOR                                     34
addr:full                                      33
email                                          31
PARKSIZE                                       31
image                                          28
AMENITIES                                      25
admin_level                                    24
area                                           23
fixme                                          23
zoning                                         23
toilets                                        21
boundary_type                                  21
protection_title                               20
official_name                                  19
service                                        19
picnic_table                                   17
fence_type                                     17
smoking                                        16
short_name                                     16
ownership                                      15
SHAPE_AREA                                     15
SHAPE_LEN                                      15
created_by                                     14
drinking_water                                 14
check_date                                     14
WALKPATHDI                                     14
wikimedia_commons                              13
border_type                                    13
waterway                                       11
oneway                                         11
LOCATION                                       10
parkaddres                                     10
parkname                                       10
attribution                                    10
acres                                           9
protected                                       9
historic                                        9
amenity                                         9
layer                                           9
full_name                                       9
name:etymology:wikidata                         9
addr:country                                    9
tiger:county                                    9
brand                                           8
brand:wikidata                                  8
lanes                                           8
ref                                             8
tiger:cfcc                                      8
shape_star                                      8
shape_stle                                      8
bicycle                                         7
designation                                     7
FIXME                                           7
lit                                             7
tiger:name_base                                 7
tiger:name_type                                 7
addr:unit                                       7
maxspeed                                        6
year_of_construction                            6
tiger:name_base_1                               6
url                                             6
footway                                         6
name:en                                         6
elevation                                       5
not:operator:wikidata                           5
name_1                                          5
playground                                      5
check_date:opening_hours                        5
contact:facebook                                5
leaf_type                                       4
website:map                                     4
name:ko                                         4
opening_date                                    4
tiger:zip_left                                  4
water                                           4
internet_access                                 4
mapillary                                       4
leaf_cycle                                      3
loc_name                                        3
parking                                         3
bin                                             3
construction                                    3
memorial                                        3
camp_site                                       3
height                                          3
foot                                            3
segregated                                      3
internet_access:fee                             3
size                                            3
fax                                             3
park                                            3
heritage                                        3
ref:nrhp                                        3
opening_hours:covid19                           3
facebook                                        3
opening_hours:url                               2
shower                                          2
survey:date                                     2
location                                        2
charge                                          2
landcover                                       2
tiger:name_type_1                               2
caravans                                        2
tents                                           2
intermittent                                    2
start_year                                      2
operator:es                                     2
payment:cash                                    2
CASENUM2                                        2
ORDNUM                                          2
SPR_AMD_OR                                      2
ZONINGCODE                                      2
sidewalk                                        2
trail_visibility                                2
private                                         2
heritage:operator                               2
proposed                                        2
disused                                         2
tiger:reviewed                                  2
HFCS                                            2
turn:lanes                                      2
contact:instagram                               2
noaddress                                       2
man_made                                        2
operator:website                                2
shelter                                         1
toilets:disposal                                1
park:type                                       1
fenced                                          1
source:loc_name                                 1
source:name                                     1
contact:yelp                                    1
disused:name                                    1
planned:landuse                                 1
gnis:name                                       1
hunting                                         1
motor_vehicle                                   1
not:name                                        1
nudism                                          1
abandoned:leisure                               1
abandoned:name                                  1
name_old                                        1
addr:housename                                  1
abandoned:power                                 1
address                                         1
comment                                         1
basin                                           1
toilets:wheelchair                              1
border                                          1
short                                           1
other_name                                      1
building:levels                                 1
tiger:name_base_2                               1
tiger:zip_right                                 1
cabins                                          1
motorhome                                       1
reservation                                     1
Grills                                          1
acreage                                         1
distance                                        1
tunnel                                          1
roof:shape                                      1
smoothness                                      1
bridge                                          1
bar                                             1
delivery                                        1
outdoor_seating                                 1
takeaway                                        1
name:etymology                                  1
type                                            1
payment:mastercard                              1
payment:visa                                    1
SHAPE_Area                                      1
SHAPE_Leng                                      1
openfire                                        1
cycleway:right                                  1
electrified                                     1
incline                                         1
piste:difficulty                                1
source:outline                                  1
was:name                                        1
wall:material                                   1
subject:wikipedia                               1
trees                                           1
grass                                           1
note_2                                          1
alt_name:es                                     1
nrhp:criteria                                   1
nrhp:inscription_date                           1
stadium                                         1
site_ownership                                  1
dog_park                                        1
old_name:-2021-09                               1
date_start                                      1
coa:place_id                                    1
leisure_2                                       1
leisure_1                                       1
fishing                                         1
ground                                          1
landuse_2                                       1
tiger:name_direction_prefix                     1
panoramax                                       1
payment:cheque                                  1
payment:credit_cards                            1
payment:debit_cards                             1
vehicle                                         1
fountain                                        1
grassland                                       1
junction                                        1
contact:youtube                                 1
note:es                                         1
pets                                            1
recreation_ground                               1
bench                                           1
equipment                                       1
gated                                           1
flickr                                          1
inscription                                     1
gate                                            1
operator:name                                   1
pets_allowed                                    1
date_started                                    1
sources                                         1
line                                            1
start_time                                      1
museum                                          1
maxweight:dog                                   1
minweight:dog                                   1
protected_area                                  1
related_law                                     1
attraction                                      1
fee:conditional                                 1
contact:foursquare                              1
caravan_site                                    1
caravan_site:type                               1
fence                                           1
club                                            1
nature                                          1


Tag Count Nodes:
============
total:                                       6877
============
created_by                                   5950
barrier                                       223
highway                                       106
entrance                                       63
leisure                                        45
access                                         37
name                                           32
crossing                                       27
source                                         27
foot                                           25
kerb                                           23
amenity                                        22
material                                       21
tactile_paving                                 17
power                                          17
locked                                         15
operator                                       14
wheelchair                                     13
vending                                        13
motor_vehicle                                  12
bicycle                                        10
payment:none                                   10
stop                                            7
noexit                                          7
natural                                         7
crossing:markings                               6
level                                           6
horse                                           6
opening_hours                                   6
addr:postcode                                   5
addr:street                                     5
ford                                            4
addr:housenumber                                4
fee                                             4
railway                                         3
traffic_signals                                 3
vehicle                                         3
tourism                                         3
public_transport                                3
crossing:island                                 3
direction                                       3
addr:city                                       3
addr:state                                      3
seamark:name                                    3
seamark:type                                    3
ref                                             3
door                                            3
ele                                             2
gnis:feature_id                                 2
sign                                            2
note                                            2
parking                                         2
backrest                                        2
man_made                                        2
bus                                             2
description                                     2
addr:unit                                       2
traffic_sign                                    2
height                                          2
bin                                             2
turning_circle                                  1
traffic_signals:direction                       1
attribution                                     1
phone                                           1
uuid                                            1
ferry                                           1
mooring                                         1
crossing:barrier                                1
covered                                         1
crossing:signals                                1
capacity                                        1
traffic_calming                                 1
crossing_ref                                    1
artist_name                                     1
heritage                                        1
heritage:operator                               1
historic                                        1
ref:nrhp                                        1
manhole                                         1
operator:type                                   1
surface                                         1
crossing:markings:colour                        1
traffic_sign:direction                          1
